0 info it worked if it ends with ok
1 verbose cli [ 'C:\\Program Files\\nodejs\\\\node.exe',
1 verbose cli   'C:\\Program Files\\nodejs\\node_modules\\npm\\bin\\npm-cli.js',
1 verbose cli   'start' ]
2 info using npm@3.3.4
3 info using node@v0.12.0
4 verbose run-script [ 'prestart', 'start', 'poststart' ]
5 info lifecycle passport-poc@0.0.0~prestart: passport-poc@0.0.0
6 silly lifecycle passport-poc@0.0.0~prestart: no script for prestart, continuing
7 info lifecycle passport-poc@0.0.0~start: passport-poc@0.0.0
8 verbose lifecycle passport-poc@0.0.0~start: unsafe-perm in lifecycle true
9 verbose lifecycle passport-poc@0.0.0~start: PATH: C:\Program Files\nodejs\node_modules\npm\bin\node-gyp-bin;G:\Riflexions\playground\passport-poc\node_modules\.bin;C:\Program Files (x86)\Common Files\Intel\Shared Files\cpp\bin\Intel64;C:\Program Files (x86)\Intel\iCLS Client\;C:\Program Files\Intel\iCLS Client\;C:\windows\system32;C:\windows;C:\windows\System32\Wbem;C:\windows\System32\WindowsPowerShell\v1.0\;C:\Program Files\Intel\Intel(R) Management Engine Components\DAL;C:\Program Files\Intel\Intel(R) Management Engine Components\IPT;C:\Program Files (x86)\Intel\Intel(R) Management Engine Components\DAL;C:\Program Files (x86)\Intel\Intel(R) Management Engine Components\IPT;C:\Program Files\Lenovo\Bluetooth Software\;C:\Program Files\Lenovo\Bluetooth Software\syswow64;C:\GnuWin32\bin;C:\Dev-Cpp\MinGW32\bin;C:\Program Files\nodejs\;C:\Program Files (x86)\Heroku\bin;C:\Program Files (x86)\git\cmd;C:\Program Files (x86)\NVIDIA Corporation\PhysX\Common;C:\Program Files\Microsoft SQL Server\120\Tools\Binn\;C:\Program Files\Microsoft SQL Server\110\Tools\Binn\;C:\Program Files (x86)\Microsoft SDKs\TypeScript\1.0\;C:\WINDOWS\system32;C:\WINDOWS;C:\WINDOWS\System32\Wbem;C:\WINDOWS\System32\WindowsPowerShell\v1.0\;C:\Program Files\TortoiseSVN\bin;C:\Ruby22-x64\DevKit\bin;C:\Program Files (x86)\Skype\Phone\;C:\Ruby22-x64\bin;C:\Program Files\ConEmu;C:\Program Files\ConEmu\ConEmu;C:\Program Files\Calibre2\;C:\Users\Chirag\AppData\Roaming\npm;G:\Project X\Ant\apache-ant-1.9.4\bin\;G:\Project X\adt-bundle-windows-x86_64-20140702\sdk\tools;G:\Project X\adt-bundle-windows-x86_64-20140702\sdk\platform-tools;C:\Python27;C:\Users\Chirag\AppData\Local\Pandoc\;C:\MongoDB\Server\3.2\bin
10 verbose lifecycle passport-poc@0.0.0~start: CWD: G:\Riflexions\playground\passport-poc
11 silly lifecycle passport-poc@0.0.0~start: Args: [ '/d /s /c', 'node ./bin/www' ]
12 silly lifecycle passport-poc@0.0.0~start: Returned: code: 1  signal: null
13 info lifecycle passport-poc@0.0.0~start: Failed to exec start script
14 verbose stack Error: passport-poc@0.0.0 start: `node ./bin/www`
14 verbose stack Exit status 1
14 verbose stack     at EventEmitter.<anonymous> (C:\Program Files\nodejs\node_modules\npm\lib\utils\lifecycle.js:233:16)
14 verbose stack     at EventEmitter.emit (events.js:110:17)
14 verbose stack     at ChildProcess.<anonymous> (C:\Program Files\nodejs\node_modules\npm\lib\utils\spawn.js:24:14)
14 verbose stack     at ChildProcess.emit (events.js:110:17)
14 verbose stack     at maybeClose (child_process.js:1008:16)
14 verbose stack     at Process.ChildProcess._handle.onexit (child_process.js:1080:5)
15 verbose pkgid passport-poc@0.0.0
16 verbose cwd G:\Riflexions\playground\passport-poc
17 error Windows_NT 6.3.9600
18 error argv "C:\\Program Files\\nodejs\\\\node.exe" "C:\\Program Files\\nodejs\\node_modules\\npm\\bin\\npm-cli.js" "start"
19 error node v0.12.0
20 error npm  v3.3.4
21 error code ELIFECYCLE
22 error passport-poc@0.0.0 start: `node ./bin/www`
22 error Exit status 1
23 error Failed at the passport-poc@0.0.0 start script 'node ./bin/www'.
23 error This is most likely a problem with the passport-poc package,
23 error not with npm itself.
23 error Tell the author that this fails on your system:
23 error     node ./bin/www
23 error You can get their info via:
23 error     npm owner ls passport-poc
23 error There is likely additional logging output above.
24 verbose exit [ 1, true ]
